# JRE version: Java(TM) SE Runtime Environment (17.0.12+8) (build 17.0.12+8-LTS-286)
# Java VM: Java HotSpot(TM) 64-Bit Server VM (17.0.12+8-LTS-286, mixed mode, sharing, tiered, compressed oops, compressed class ptrs, g1 gc, windows-amd64)
GC Precious Log:
 CPUs: 8 total, 8 available
 Memory: 16260M
 Large Page Support: Disabled
 NUMA Support: Disabled
 Compressed Oops: Enabled (32-bit)
 Heap Region Size: 1M
 Heap Min Capacity: 256M
 Heap Initial Capacity: 256M
 Heap Max Capacity: 512M
 Pre-touch: Disabled
 Parallel Workers: 8
 Concurrent Workers: 2
 Concurrent Refinement Workers: 8
 Periodic GC: Disabled
Heap:
 garbage-first heap   total 262144K, used 142279K [0x00000000e0000000, 0x0000000100000000)
  region size 1024K, 111 young (113664K), 10 survivors (10240K)
 Metaspace       used 53165K, committed 53888K, reserved 393216K
  class space    used 7648K, committed 8000K, reserved 327680K
GC Heap History (16 events):
Event: 0.384 GC heap before
{Heap before GC invocations=0 (full 0):
 garbage-first heap   total 262144K, used 23552K [0x00000000e0000000, 0x0000000100000000)
  region size 1024K, 23 young (23552K), 0 survivors (0K)
 Metaspace       used 818K, committed 896K, reserved 393216K
  class space    used 61K, committed 128K, reserved 327680K
}
Event: 0.387 GC heap after
{Heap after GC invocations=1 (full 0):
 garbage-first heap   total 262144K, used 1543K [0x00000000e0000000, 0x0000000100000000)
  region size 1024K, 2 young (2048K), 2 survivors (2048K)
 Metaspace       used 818K, committed 896K, reserved 393216K
  class space    used 61K, committed 128K, reserved 327680K
}
Event: 1.115 GC heap before
{Heap before GC invocations=1 (full 0):
 garbage-first heap   total 262144K, used 41479K [0x00000000e0000000, 0x0000000100000000)
  region size 1024K, 38 young (38912K), 2 survivors (2048K)
 Metaspace       used 4562K, committed 4672K, reserved 393216K
  class space    used 573K, committed 640K, reserved 327680K
}
Event: 1.119 GC heap after
{Heap after GC invocations=2 (full 0):
 garbage-first heap   total 262144K, used 11603K [0x00000000e0000000, 0x0000000100000000)
  region size 1024K, 5 young (5120K), 5 survivors (5120K)
 Metaspace       used 4562K, committed 4672K, reserved 393216K
  class space    used 573K, committed 640K, reserved 327680K
}
Event: 1.819 GC heap before
{Heap before GC invocations=2 (full 0):
 garbage-first heap   total 262144K, used 73043K [0x00000000e0000000, 0x0000000100000000)
  region size 1024K, 63 young (64512K), 5 survivors (5120K)
 Metaspace       used 5952K, committed 6208K, reserved 393216K
  class space    used 792K, committed 896K, reserved 327680K
}
Event: 1.824 GC heap after
{Heap after GC invocations=3 (full 0):
 garbage-first heap   total 262144K, used 18569K [0x00000000e0000000, 0x0000000100000000)
  region size 1024K, 6 young (6144K), 6 survivors (6144K)
 Metaspace       used 5952K, committed 6208K, reserved 393216K
  class space    used 792K, committed 896K, reserved 327680K
}
Event: 3.499 GC heap before
{Heap before GC invocations=3 (full 0):
 garbage-first heap   total 262144K, used 113801K [0x00000000e0000000, 0x0000000100000000)
  region size 1024K, 99 young (101376K), 6 survivors (6144K)
 Metaspace       used 21202K, committed 21504K, reserved 393216K
  class space    used 2961K, committed 3136K, reserved 327680K
}
Event: 3.507 GC heap after
{Heap after GC invocations=4 (full 0):
 garbage-first heap   total 262144K, used 23907K [0x00000000e0000000, 0x0000000100000000)
  region size 1024K, 11 young (11264K), 11 survivors (11264K)
 Metaspace       used 21202K, committed 21504K, reserved 393216K
  class space    used 2961K, committed 3136K, reserved 327680K
}
Event: 5.699 GC heap before
{Heap before GC invocations=5 (full 0):
 garbage-first heap   total 262144K, used 137571K [0x00000000e0000000, 0x0000000100000000)
  region size 1024K, 124 young (126976K), 11 survivors (11264K)
 Metaspace       used 35442K, committed 35968K, reserved 393216K
  class space    used 5002K, committed 5248K, reserved 327680K
}
Event: 5.717 GC heap after
{Heap after GC invocations=6 (full 0):
 garbage-first heap   total 262144K, used 31527K [0x00000000e0000000, 0x0000000100000000)
  region size 1024K, 13 young (13312K), 13 survivors (13312K)
 Metaspace       used 35442K, committed 35968K, reserved 393216K
  class space    used 5002K, committed 5248K, reserved 327680K
}
Event: 5.752 GC heap before
{Heap before GC invocations=6 (full 0):
 garbage-first heap   total 262144K, used 32551K [0x00000000e0000000, 0x0000000100000000)
  region size 1024K, 14 young (14336K), 13 survivors (13312K)
 Metaspace       used 35665K, committed 36224K, reserved 393216K
  class space    used 5036K, committed 5312K, reserved 327680K
}
Event: 5.770 GC heap after
{Heap after GC invocations=7 (full 0):
 garbage-first heap   total 262144K, used 32196K [0x00000000e0000000, 0x0000000100000000)
  region size 1024K, 2 young (2048K), 2 survivors (2048K)
 Metaspace       used 35665K, committed 36224K, reserved 393216K
  class space    used 5036K, committed 5312K, reserved 327680K
}
Event: 5.905 GC heap before
{Heap before GC invocations=7 (full 0):
 garbage-first heap   total 262144K, used 35268K [0x00000000e0000000, 0x0000000100000000)
  region size 1024K, 6 young (6144K), 2 survivors (2048K)
 Metaspace       used 35733K, committed 36288K, reserved 393216K
  class space    used 5040K, committed 5312K, reserved 327680K
}
Event: 5.907 GC heap after
{Heap after GC invocations=8 (full 0):
 garbage-first heap   total 262144K, used 31463K [0x00000000e0000000, 0x0000000100000000)
  region size 1024K, 1 young (1024K), 1 survivors (1024K)
 Metaspace       used 35733K, committed 36288K, reserved 393216K
  class space    used 5040K, committed 5312K, reserved 327680K
}
Event: 9.268 GC heap before
{Heap before GC invocations=9 (full 0):
 garbage-first heap   total 262144K, used 187111K [0x00000000e0000000, 0x0000000100000000)
  region size 1024K, 153 young (156672K), 1 survivors (1024K)
 Metaspace       used 48706K, committed 49472K, reserved 393216K
  class space    used 7141K, committed 7488K, reserved 327680K
}
Event: 9.278 GC heap after
{Heap after GC invocations=10 (full 0):
 garbage-first heap   total 262144K, used 40903K [0x00000000e0000000, 0x0000000100000000)
  region size 1024K, 10 young (10240K), 10 survivors (10240K)
 Metaspace       used 48706K, committed 49472K, reserved 393216K
  class space    used 7141K, committed 7488K, reserved 327680K
}

